0 info it worked if it ends with ok
1 verbose cli [ 'C:\\Program Files\\nodejs\\node.exe',
1 verbose cli   'C:\\Program Files\\nodejs\\node_modules\\npm\\bin\\npm-cli.js',
1 verbose cli   'run',
1 verbose cli   'start' ]
2 info using npm@3.10.10
3 info using node@v6.11.0
4 verbose run-script [ 'prestart', 'start', 'poststart' ]
5 info lifecycle react_dropbox@0.1.0~prestart: react_dropbox@0.1.0
6 silly lifecycle react_dropbox@0.1.0~prestart: no script for prestart, continuing
7 info lifecycle react_dropbox@0.1.0~start: react_dropbox@0.1.0
8 verbose lifecycle react_dropbox@0.1.0~start: unsafe-perm in lifecycle true
9 verbose lifecycle react_dropbox@0.1.0~start: PATH: C:\Program Files\nodejs\node_modules\npm\bin\node-gyp-bin;C:\data\Projects\273_shopping_cart_react_redux\node_modules\.bin;C:\Windows\system32;C:\Windows;C:\Windows\System32\Wbem;C:\Windows\System32\WindowsPowerShell\v1.0\;C:\Program Files (x86)\Skype\Phone\;C:\Program Files (x86)\ATI Technologies\ATI.ACE\Core-Static;C:\Program Files\nodejs\;C:\data\Projects\React_And_Node\node_modules\.bin;C:\Program Files\MySQL\MySQL Utilities 1.6\;C:\Program Files\MySQL\MySQL Server 5.7\bin;C:\jre1.8.0_131\bin;C:\Program Files\Git\cmd;C:\Users\Palash\AppData\Local\Programs\Python\Python36-32\Scripts\;C:\Users\Palash\AppData\Local\Programs\Python\Python36-32\;C:\Users\Palash\AppData\Roaming\npm;C:\Users\Palash\AppData\Local\atom\bin;C:\Program Files\Docker Toolbox
10 verbose lifecycle react_dropbox@0.1.0~start: CWD: C:\data\Projects\273_shopping_cart_react_redux
11 silly lifecycle react_dropbox@0.1.0~start: Args: [ '/d /s /c', 'react-scripts start' ]
12 silly lifecycle react_dropbox@0.1.0~start: Returned: code: 3221225786  signal: null
13 info lifecycle react_dropbox@0.1.0~start: Failed to exec start script
14 verbose stack Error: react_dropbox@0.1.0 start: `react-scripts start`
14 verbose stack Exit status 3221225786
14 verbose stack     at EventEmitter.<anonymous> (C:\Program Files\nodejs\node_modules\npm\lib\utils\lifecycle.js:255:16)
14 verbose stack     at emitTwo (events.js:106:13)
14 verbose stack     at EventEmitter.emit (events.js:191:7)
14 verbose stack     at ChildProcess.<anonymous> (C:\Program Files\nodejs\node_modules\npm\lib\utils\spawn.js:40:14)
14 verbose stack     at emitTwo (events.js:106:13)
14 verbose stack     at ChildProcess.emit (events.js:191:7)
14 verbose stack     at maybeClose (internal/child_process.js:891:16)
14 verbose stack     at Process.ChildProcess._handle.onexit (internal/child_process.js:226:5)
15 verbose pkgid react_dropbox@0.1.0
16 verbose cwd C:\data\Projects\273_shopping_cart_react_redux
17 error Windows_NT 6.3.9600
18 error argv "C:\\Program Files\\nodejs\\node.exe" "C:\\Program Files\\nodejs\\node_modules\\npm\\bin\\npm-cli.js" "run" "start"
19 error node v6.11.0
20 error npm  v3.10.10
21 error code ELIFECYCLE
22 error react_dropbox@0.1.0 start: `react-scripts start`
22 error Exit status 3221225786
23 error Failed at the react_dropbox@0.1.0 start script 'react-scripts start'.
23 error Make sure you have the latest version of node.js and npm installed.
23 error If you do, this is most likely a problem with the react_dropbox package,
23 error not with npm itself.
23 error Tell the author that this fails on your system:
23 error     react-scripts start
23 error You can get information on how to open an issue for this project with:
23 error     npm bugs react_dropbox
23 error Or if that isn't available, you can get their info via:
23 error     npm owner ls react_dropbox
23 error There is likely additional logging output above.
24 verbose exit [ 1, true ]
